# JRE version: Java(TM) SE Runtime Environment (8.0_321-b07) (build 1.8.0_321-b07)
# Java VM: Java HotSpot(TM) 64-Bit Server VM (25.321-b07 mixed mode windows-amd64 compressed oops)
Heap:
 PSYoungGen      total 140800K, used 27585K [0x00000000d5580000, 0x00000000e0980000, 0x0000000100000000)
  eden space 120320K, 5% used [0x00000000d5580000,0x00000000d5c755b0,0x00000000dcb00000)
  from space 20480K, 99% used [0x00000000de700000,0x00000000dfafb0f0,0x00000000dfb00000)
  to   space 28672K, 0% used [0x00000000dcb00000,0x00000000dcb00000,0x00000000de700000)
 ParOldGen       total 81920K, used 51509K [0x0000000080000000, 0x0000000085000000, 0x00000000d5580000)
  object space 81920K, 62% used [0x0000000080000000,0x000000008324d790,0x0000000085000000)
 Metaspace       used 33782K, capacity 34548K, committed 34816K, reserved 1079296K
  class space    used 4288K, capacity 4544K, committed 4608K, reserved 1048576K
GC Heap History (10 events):
Event: 5.945 GC heap before
{Heap before GC invocations=7 (full 1):
 PSYoungGen      total 80896K, used 8786K [0x00000000d5580000, 0x00000000db480000, 0x0000000100000000)
  eden space 66560K, 0% used [0x00000000d5580000,0x00000000d5580000,0x00000000d9680000)
  from space 14336K, 61% used [0x00000000da680000,0x00000000daf14820,0x00000000db480000)
  to   space 15360K, 0% used [0x00000000d9680000,0x00000000d9680000,0x00000000da580000)
 ParOldGen       total 87552K, used 20819K [0x0000000080000000, 0x0000000085580000, 0x00000000d5580000)
  object space 87552K, 23% used [0x0000000080000000,0x0000000081454e38,0x0000000085580000)
 Metaspace       used 20733K, capacity 21188K, committed 21296K, reserved 1067008K
  class space    used 2695K, capacity 2870K, committed 2944K, reserved 1048576K
Event: 6.095 GC heap after
Heap after GC invocations=7 (full 1):
 PSYoungGen      total 80896K, used 0K [0x00000000d5580000, 0x00000000db480000, 0x0000000100000000)
  eden space 66560K, 0% used [0x00000000d5580000,0x00000000d5580000,0x00000000d9680000)
  from space 14336K, 0% used [0x00000000da680000,0x00000000da680000,0x00000000db480000)
  to   space 15360K, 0% used [0x00000000d9680000,0x00000000d9680000,0x00000000da580000)
 ParOldGen       total 81920K, used 24905K [0x0000000080000000, 0x0000000085000000, 0x00000000d5580000)
  object space 81920K, 30% used [0x0000000080000000,0x0000000081852570,0x0000000085000000)
 Metaspace       used 20733K, capacity 21188K, committed 21296K, reserved 1067008K
  class space    used 2695K, capacity 2870K, committed 2944K, reserved 1048576K
}
Event: 8.593 GC heap before
{Heap before GC invocations=8 (full 1):
 PSYoungGen      total 80896K, used 66560K [0x00000000d5580000, 0x00000000db480000, 0x0000000100000000)
  eden space 66560K, 100% used [0x00000000d5580000,0x00000000d9680000,0x00000000d9680000)
  from space 14336K, 0% used [0x00000000da680000,0x00000000da680000,0x00000000db480000)
  to   space 15360K, 0% used [0x00000000d9680000,0x00000000d9680000,0x00000000da580000)
 ParOldGen       total 81920K, used 24905K [0x0000000080000000, 0x0000000085000000, 0x00000000d5580000)
  object space 81920K, 30% used [0x0000000080000000,0x0000000081852570,0x0000000085000000)
 Metaspace       used 28443K, capacity 29042K, committed 29440K, reserved 1075200K
  class space    used 3769K, capacity 3977K, committed 4096K, reserved 1048576K
Event: 8.613 GC heap after
Heap after GC invocations=8 (full 1):
 PSYoungGen      total 81920K, used 9193K [0x00000000d5580000, 0x00000000dd680000, 0x0000000100000000)
  eden space 66560K, 0% used [0x00000000d5580000,0x00000000d5580000,0x00000000d9680000)
  from space 15360K, 59% used [0x00000000d9680000,0x00000000d9f7a668,0x00000000da580000)
  to   space 14336K, 0% used [0x00000000dc880000,0x00000000dc880000,0x00000000dd680000)
 ParOldGen       total 81920K, used 24913K [0x0000000080000000, 0x0000000085000000, 0x00000000d5580000)
  object space 81920K, 30% used [0x0000000080000000,0x0000000081854570,0x0000000085000000)
 Metaspace       used 28443K, capacity 29042K, committed 29440K, reserved 1075200K
  class space    used 3769K, capacity 3977K, committed 4096K, reserved 1048576K
}
Event: 42.964 GC heap before
{Heap before GC invocations=9 (full 1):
 PSYoungGen      total 81920K, used 72981K [0x00000000d5580000, 0x00000000dd680000, 0x0000000100000000)
  eden space 66560K, 95% used [0x00000000d5580000,0x00000000d93cafa8,0x00000000d9680000)
  from space 15360K, 59% used [0x00000000d9680000,0x00000000d9f7a668,0x00000000da580000)
  to   space 14336K, 0% used [0x00000000dc880000,0x00000000dc880000,0x00000000dd680000)
 ParOldGen       total 81920K, used 24913K [0x0000000080000000, 0x0000000085000000, 0x00000000d5580000)
  object space 81920K, 30% used [0x0000000080000000,0x0000000081854570,0x0000000085000000)
 Metaspace       used 30696K, capacity 31402K, committed 31744K, reserved 1077248K
  class space    used 4028K, capacity 4265K, committed 4352K, reserved 1048576K
Event: 42.977 GC heap after
Heap after GC invocations=9 (full 1):
 PSYoungGen      total 108544K, used 6437K [0x00000000d5580000, 0x00000000dd200000, 0x0000000100000000)
  eden space 98816K, 0% used [0x00000000d5580000,0x00000000d5580000,0x00000000db600000)
  from space 9728K, 66% used [0x00000000dc880000,0x00000000dcec97c8,0x00000000dd200000)
  to   space 14336K, 0% used [0x00000000db600000,0x00000000db600000,0x00000000dc400000)
 ParOldGen       total 81920K, used 24921K [0x0000000080000000, 0x0000000085000000, 0x00000000d5580000)
  object space 81920K, 30% used [0x0000000080000000,0x0000000081856570,0x0000000085000000)
 Metaspace       used 30696K, capacity 31402K, committed 31744K, reserved 1077248K
  class space    used 4028K, capacity 4265K, committed 4352K, reserved 1048576K
}
Event: 44.702 GC heap before
{Heap before GC invocations=10 (full 1):
 PSYoungGen      total 108544K, used 105253K [0x00000000d5580000, 0x00000000dd200000, 0x0000000100000000)
  eden space 98816K, 100% used [0x00000000d5580000,0x00000000db600000,0x00000000db600000)
  from space 9728K, 66% used [0x00000000dc880000,0x00000000dcec97c8,0x00000000dd200000)
  to   space 14336K, 0% used [0x00000000db600000,0x00000000db600000,0x00000000dc400000)
 ParOldGen       total 81920K, used 24921K [0x0000000080000000, 0x0000000085000000, 0x00000000d5580000)
  object space 81920K, 30% used [0x0000000080000000,0x0000000081856570,0x0000000085000000)
 Metaspace       used 31196K, capacity 31902K, committed 32000K, reserved 1077248K
  class space    used 4046K, capacity 4285K, committed 4352K, reserved 1048576K
Event: 44.752 GC heap after
Heap after GC invocations=10 (full 1):
 PSYoungGen      total 113152K, used 14308K [0x00000000d5580000, 0x00000000dfb00000, 0x0000000100000000)
  eden space 98816K, 0% used [0x00000000d5580000,0x00000000d5580000,0x00000000db600000)
  from space 14336K, 99% used [0x00000000db600000,0x00000000dc3f91f0,0x00000000dc400000)
  to   space 20480K, 0% used [0x00000000de700000,0x00000000de700000,0x00000000dfb00000)
 ParOldGen       total 81920K, used 36177K [0x0000000080000000, 0x0000000085000000, 0x00000000d5580000)
  object space 81920K, 44% used [0x0000000080000000,0x0000000082354580,0x0000000085000000)
 Metaspace       used 31196K, capacity 31902K, committed 32000K, reserved 1077248K
  class space    used 4046K, capacity 4285K, committed 4352K, reserved 1048576K
}
Event: 50.141 GC heap before
{Heap before GC invocations=11 (full 1):
 PSYoungGen      total 113152K, used 113124K [0x00000000d5580000, 0x00000000dfb00000, 0x0000000100000000)
  eden space 98816K, 100% used [0x00000000d5580000,0x00000000db600000,0x00000000db600000)
  from space 14336K, 99% used [0x00000000db600000,0x00000000dc3f91f0,0x00000000dc400000)
  to   space 20480K, 0% used [0x00000000de700000,0x00000000de700000,0x00000000dfb00000)
 ParOldGen       total 81920K, used 36177K [0x0000000080000000, 0x0000000085000000, 0x00000000d5580000)
  object space 81920K, 44% used [0x0000000080000000,0x0000000082354580,0x0000000085000000)
 Metaspace       used 31780K, capacity 32530K, committed 32768K, reserved 1077248K
  class space    used 4067K, capacity 4319K, committed 4352K, reserved 1048576K
Event: 50.221 GC heap after
Heap after GC invocations=11 (full 1):
 PSYoungGen      total 140800K, used 20460K [0x00000000d5580000, 0x00000000e0980000, 0x0000000100000000)
  eden space 120320K, 0% used [0x00000000d5580000,0x00000000d5580000,0x00000000dcb00000)
  from space 20480K, 99% used [0x00000000de700000,0x00000000dfafb0f0,0x00000000dfb00000)
  to   space 28672K, 0% used [0x00000000dcb00000,0x00000000dcb00000,0x00000000de700000)
 ParOldGen       total 81920K, used 51509K [0x0000000080000000, 0x0000000085000000, 0x00000000d5580000)
  object space 81920K, 62% used [0x0000000080000000,0x000000008324d790,0x0000000085000000)
 Metaspace       used 31780K, capacity 32530K, committed 32768K, reserved 1077248K
  class space    used 4067K, capacity 4319K, committed 4352K, reserved 1048576K
}

